2024-01-20 19:10:08,442 - EnebaScraper - ERROR - Exception occurred in set_min_price part
Traceback (most recent call last):
  File "C:\Users\roksu\OneDrive\Desktop\AICA\Project1\main.py", line 79, in set_min_price
    input_element = self.edriver.find_element(By.CSS_SELECTOR, self.min_price)
  File "C:\Users\roksu\OneDrive\Desktop\AICA\Project1\Project\lib\site-packages\selenium\webdriver\remote\webdriver.py", line 742, in find_element
    return self.execute(Command.FIND_ELEMENT, {"using": by, "value": value})["value"]
  File "C:\Users\roksu\OneDrive\Desktop\AICA\Project1\Project\lib\site-packages\selenium\webdriver\remote\webdriver.py", line 348, in execute
    self.error_handler.check_response(response)
  File "C:\Users\roksu\OneDrive\Desktop\AICA\Project1\Project\lib\site-packages\selenium\webdriver\remote\errorhandler.py", line 229, in check_response
    raise exception_class(message, screen, stacktrace)
selenium.common.exceptions.InvalidArgumentException: Message: invalid argument: 'value' must be a string
  (Session info: chrome=120.0.6099.225)
Stacktrace:
	GetHandleVerifier [0x00007FF70DD82142+3514994]
	(No symbol) [0x00007FF70D9A0CE2]
	(No symbol) [0x00007FF70D8476AA]
	(No symbol) [0x00007FF70D890EF5]
	(No symbol) [0x00007FF70D89197C]
	(No symbol) [0x00007FF70D8D4EE7]
	(No symbol) [0x00007FF70D8B602F]
	(No symbol) [0x00007FF70D8D28F6]
	(No symbol) [0x00007FF70D8B5D93]
	(No symbol) [0x00007FF70D884BDC]
	(No symbol) [0x00007FF70D885C64]
	GetHandleVerifier [0x00007FF70DDAE16B+3695259]
	GetHandleVerifier [0x00007FF70DE06737+4057191]
	GetHandleVerifier [0x00007FF70DDFE4E3+4023827]
	GetHandleVerifier [0x00007FF70DAD04F9+689705]
	(No symbol) [0x00007FF70D9AC048]
	(No symbol) [0x00007FF70D9A8044]
	(No symbol) [0x00007FF70D9A81C9]
	(No symbol) [0x00007FF70D9988C4]
	BaseThreadInitThunk [0x00007FF949A1257D+29]
	RtlUserThreadStart [0x00007FF94ADEAA58+40]

2024-01-20 19:10:46,805 - EnebaScraper - ERROR - Exception occurred in set_min_price part
Traceback (most recent call last):
  File "C:\Users\roksu\OneDrive\Desktop\AICA\Project1\main.py", line 79, in set_min_price
    input_element = self.edriver.find_element(By.CSS_SELECTOR, self.min_price)
  File "C:\Users\roksu\OneDrive\Desktop\AICA\Project1\Project\lib\site-packages\selenium\webdriver\remote\webdriver.py", line 742, in find_element
    return self.execute(Command.FIND_ELEMENT, {"using": by, "value": value})["value"]
  File "C:\Users\roksu\OneDrive\Desktop\AICA\Project1\Project\lib\site-packages\selenium\webdriver\remote\webdriver.py", line 348, in execute
    self.error_handler.check_response(response)
  File "C:\Users\roksu\OneDrive\Desktop\AICA\Project1\Project\lib\site-packages\selenium\webdriver\remote\errorhandler.py", line 229, in check_response
    raise exception_class(message, screen, stacktrace)
selenium.common.exceptions.InvalidSelectorException: Message: invalid selector: An invalid or illegal selector was specified
  (Session info: chrome=120.0.6099.225); For documentation on this error, please visit: https://www.selenium.dev/documentation/webdriver/troubleshooting/errors#invalid-selector-exception
Stacktrace:
	GetHandleVerifier [0x00007FF70DD82142+3514994]
	(No symbol) [0x00007FF70D9A0CE2]
	(No symbol) [0x00007FF70D8476AA]
	(No symbol) [0x00007FF70D84CFC0]
	(No symbol) [0x00007FF70D84F38F]
	(No symbol) [0x00007FF70D84F480]
	(No symbol) [0x00007FF70D891624]
	(No symbol) [0x00007FF70D89197C]
	(No symbol) [0x00007FF70D8D4EE7]
	(No symbol) [0x00007FF70D8B602F]
	(No symbol) [0x00007FF70D8D28F6]
	(No symbol) [0x00007FF70D8B5D93]
	(No symbol) [0x00007FF70D884BDC]
	(No symbol) [0x00007FF70D885C64]
	GetHandleVerifier [0x00007FF70DDAE16B+3695259]
	GetHandleVerifier [0x00007FF70DE06737+4057191]
	GetHandleVerifier [0x00007FF70DDFE4E3+4023827]
	GetHandleVerifier [0x00007FF70DAD04F9+689705]
	(No symbol) [0x00007FF70D9AC048]
	(No symbol) [0x00007FF70D9A8044]
	(No symbol) [0x00007FF70D9A81C9]
	(No symbol) [0x00007FF70D9988C4]
	BaseThreadInitThunk [0x00007FF949A1257D+29]
	RtlUserThreadStart [0x00007FF94ADEAA58+40]

2024-01-20 19:11:53,312 - EnebaScraper - ERROR - Exception occurred in set_min_price part
Traceback (most recent call last):
  File "C:\Users\roksu\OneDrive\Desktop\AICA\Project1\main.py", line 79, in set_min_price
    input_element = self.edriver.find_element(By.CSS_SELECTOR, self.min_price)
  File "C:\Users\roksu\OneDrive\Desktop\AICA\Project1\Project\lib\site-packages\selenium\webdriver\remote\webdriver.py", line 742, in find_element
    return self.execute(Command.FIND_ELEMENT, {"using": by, "value": value})["value"]
  File "C:\Users\roksu\OneDrive\Desktop\AICA\Project1\Project\lib\site-packages\selenium\webdriver\remote\webdriver.py", line 348, in execute
    self.error_handler.check_response(response)
  File "C:\Users\roksu\OneDrive\Desktop\AICA\Project1\Project\lib\site-packages\selenium\webdriver\remote\errorhandler.py", line 229, in check_response
    raise exception_class(message, screen, stacktrace)
selenium.common.exceptions.InvalidSelectorException: Message: invalid selector: An invalid or illegal selector was specified
  (Session info: chrome=120.0.6099.225); For documentation on this error, please visit: https://www.selenium.dev/documentation/webdriver/troubleshooting/errors#invalid-selector-exception
Stacktrace:
	GetHandleVerifier [0x00007FF70DD82142+3514994]
	(No symbol) [0x00007FF70D9A0CE2]
	(No symbol) [0x00007FF70D8476AA]
	(No symbol) [0x00007FF70D84CFC0]
	(No symbol) [0x00007FF70D84F38F]
	(No symbol) [0x00007FF70D84F480]
	(No symbol) [0x00007FF70D891624]
	(No symbol) [0x00007FF70D89197C]
	(No symbol) [0x00007FF70D8D4EE7]
	(No symbol) [0x00007FF70D8B602F]
	(No symbol) [0x00007FF70D8D28F6]
	(No symbol) [0x00007FF70D8B5D93]
	(No symbol) [0x00007FF70D884BDC]
	(No symbol) [0x00007FF70D885C64]
	GetHandleVerifier [0x00007FF70DDAE16B+3695259]
	GetHandleVerifier [0x00007FF70DE06737+4057191]
	GetHandleVerifier [0x00007FF70DDFE4E3+4023827]
	GetHandleVerifier [0x00007FF70DAD04F9+689705]
	(No symbol) [0x00007FF70D9AC048]
	(No symbol) [0x00007FF70D9A8044]
	(No symbol) [0x00007FF70D9A81C9]
	(No symbol) [0x00007FF70D9988C4]
	BaseThreadInitThunk [0x00007FF949A1257D+29]
	RtlUserThreadStart [0x00007FF94ADEAA58+40]

